\BOOKMARK [0][-]{section*.2}{\376\377\000S\000e\000v\000e\000r\000a\000l\000\040\000A\000p\000p\000r\000o\000a\000c\000h\000e\000s\000\040\000t\000o\000\040\000t\000h\000e\000\040\000R\000i\000e\000m\000a\000n\000n\000\040\000H\000y\000p\000o\000t\000h\000e\000s\000i\000s\000:\000\040\000S\000p\000e\000c\000t\000r\000a\000l\000\040\000O\000p\000e\000r\000a\000t\000o\000r\000s\000,\000\040\000W\000e\000y\000l\000\040\000D\000e\000r\000i\000v\000a\000t\000i\000v\000e\000s\000,\000\040\000Q\000u\000a\000n\000t\000u\000m\000\040\000M\000e\000c\000h\000a\000n\000i\000c\000s\000,\000\040\000a\000n\000d\000\040\000A\000l\000g\000e\000b\000r\000a\000s\000\040\000o\000v\000e\000r\000\040\000P\000r\000i\000m\000e\000s}{}% 2
\BOOKMARK [1][-]{section*.1}{\376\377\000A\000b\000s\000t\000r\000a\000c\000t}{section*.2}% 1
\BOOKMARK [1][-]{section*.3}{\376\377\000I\000n\000t\000r\000o\000d\000u\000c\000t\000i\000o\000n\000:\000\040\000T\000h\000e\000\040\000C\000o\000m\000m\000o\000n\000\040\000T\000h\000r\000e\000a\000d}{section*.2}% 3
\BOOKMARK [1][-]{section*.4}{\376\377\000T\000h\000e\000\040\000W\000e\000y\000l\000\040\000D\000e\000r\000i\000v\000a\000t\000i\000v\000e\000\040\000a\000n\000d\000\040\000G\000e\000n\000e\000r\000a\000l\000i\000z\000e\000d\000\040\000Z\000e\000t\000a\000\040\000F\000u\000n\000c\000t\000i\000o\000n\000s}{section*.2}% 4
\BOOKMARK [2][-]{section*.5}{\376\377\000S\000e\000t\000u\000p}{section*.4}% 5
\BOOKMARK [2][-]{section*.6}{\376\377\000D\000e\000c\000o\000m\000p\000o\000s\000i\000t\000i\000o\000n\000\040\000i\000n\000t\000o\000\040\000D\000i\000r\000i\000c\000h\000l\000e\000t\000\040\000s\000e\000r\000i\000e\000s}{section*.4}% 6
\BOOKMARK [2][-]{section*.7}{\376\377\000K\000e\000r\000n\000e\000l\000\040\000c\000o\000n\000d\000i\000t\000i\000o\000n\000\040\000a\000n\000d\000\040\000t\000h\000e\000\040\000g\000e\000n\000e\000r\000i\000c\000\040\000d\000i\000s\000j\000o\000i\000n\000t\000n\000e\000s\000s\000\040\000c\000o\000n\000j\000e\000c\000t\000u\000r\000e}{section*.4}% 7
\BOOKMARK [1][-]{section*.8}{\376\377\000T\000h\000e\000\040\000S\000c\000h\000r\000\366\000d\000i\000n\000g\000e\000r\040\023\000R\000i\000e\000m\000a\000n\000n\000\040\000C\000o\000r\000r\000e\000s\000p\000o\000n\000d\000e\000n\000c\000e}{section*.2}% 8
\BOOKMARK [2][-]{section*.9}{\376\377\000S\000e\000t\000u\000p}{section*.8}% 9
\BOOKMARK [2][-]{section*.10}{\376\377\000B\000a\000s\000e\000l\000\040\000c\000o\000n\000n\000e\000c\000t\000i\000o\000n}{section*.8}% 10
\BOOKMARK [2][-]{section*.11}{\376\377\000C\000o\000n\000j\000e\000c\000t\000u\000r\000e}{section*.8}% 11
\BOOKMARK [1][-]{section*.12}{\376\377\000Y\000a\000n\000g\000-\000B\000a\000x\000t\000e\000r\000\040\000C\000o\000u\000p\000l\000i\000n\000g\000,\000\040\000V\000i\000r\000a\000s\000o\000r\000o\000,\000\040\000a\000n\000d\000\040\000t\000h\000e\000\040\000F\000i\000n\000e\000\040\000S\000t\000r\000u\000c\000t\000u\000r\000e\000\040\000A\000n\000a\000l\000o\000g\000y}{section*.2}% 12
\BOOKMARK [2][-]{section*.13}{\376\377\000T\000h\000e\000\040\000Y\000a\000n\000g\000-\000B\000a\000x\000t\000e\000r\000\040\000-\000s\000y\000s\000t\000e\000m}{section*.12}% 13
\BOOKMARK [2][-]{section*.14}{\376\377\000T\000h\000e\000\040\000C\000o\000u\000l\000o\000m\000b\000\040\000g\000a\000s\000\040\000m\000i\000r\000r\000o\000r\000\040\000a\000n\000d\000\040\000+\000-\000\040\000=\000\040\0001\000/\0004}{section*.12}% 14
\BOOKMARK [2][-]{section*.15}{\376\377\000\040\000a\000s\000\040\000a\000n\000o\000m\000a\000l\000o\000u\000s\000\040\000d\000i\000m\000e\000n\000s\000i\000o\000n\000:\000\040\000t\000h\000r\000e\000e\000\040\000t\000h\000e\000o\000r\000i\000e\000s}{section*.12}% 15
\BOOKMARK [2][-]{section*.16}{\376\377\000R\000u\000n\000n\000i\000n\000g\000\040\000c\000o\000u\000p\000l\000i\000n\000g\000\040\000a\000n\000d\000\040\000t\000h\000e\000\040\000i\000n\000t\000e\000r\000a\000c\000t\000i\000o\000n\000\040\000c\000o\000r\000r\000e\000c\000t\000i\000o\000n}{section*.12}% 16
\BOOKMARK [2][-]{section*.17}{\376\377\000Z\000e\000r\000o\000s\000\040\000f\000r\000o\000m\000\040\000t\000h\000e\000\040\000K\000a\000c\000\040\000t\000a\000b\000l\000e}{section*.12}% 17
\BOOKMARK [2][-]{section*.18}{\376\377\000S\000p\000a\000c\000e\000t\000i\000m\000e\000\040\000t\000o\000p\000o\000l\000o\000g\000y\000\040\000a\000n\000d\000\040\000f\000a\000i\000l\000u\000r\000e\000\040\000o\000f\000\040\000r\000e\000a\000l\000\040\000g\000r\000a\000d\000i\000n\000g}{section*.12}% 18
\BOOKMARK [1][-]{section*.19}{\376\377\000V\000o\000l\000t\000e\000r\000r\000a\000\040\000P\000r\000o\000d\000u\000c\000t\000\040\000I\000n\000t\000e\000g\000r\000a\000l\000s\000,\000\040\000O\000p\000e\000r\000a\000t\000o\000r\000\040\000T\000r\000a\000c\000e\000s\000,\000\040\000a\000n\000d\000\040\000A\000l\000g\000e\000b\000r\000a\000s\000\040\000o\000v\000e\000r\000\040\000P\000r\000i\000m\000e\000s}{section*.2}% 19
\BOOKMARK [2][-]{section*.20}{\376\377\000V\000e\000r\000t\000i\000c\000a\000l\000\040\000V\000o\000l\000t\000e\000r\000r\000a\000\040\000p\000r\000o\000d\000u\000c\000t\000\040\000i\000n\000t\000e\000g\000r\000a\000l\000s\000\040\000i\000n\000\040\000t\000h\000e\000\040\000c\000r\000i\000t\000i\000c\000a\000l\000\040\000s\000t\000r\000i\000p}{section*.19}% 20
\BOOKMARK [2][-]{section*.21}{\376\377\000I\000n\000f\000i\000n\000i\000t\000e\000\040\000m\000a\000t\000r\000i\000x\000\040\000t\000r\000a\000c\000e\000s\000\040\000a\000n\000d\000\040\000t\000h\000e\000\040\000v\000o\000n\000\040\000N\000e\000u\000m\000a\000n\000n\000\040\000a\000l\000g\000e\000b\000r\000a}{section*.19}% 21
\BOOKMARK [2][-]{section*.22}{\376\377\000C\000o\000n\000n\000e\000c\000t\000i\000o\000n\000\040\000t\000o\000\040\000C\000o\000n\000n\000e\000s\000'\000\040\000t\000r\000a\000c\000e\000\040\000f\000o\000r\000m\000u\000l\000a}{section*.19}% 22
\BOOKMARK [2][-]{section*.23}{\376\377\000H\000e\000i\000s\000e\000n\000b\000e\000r\000g\000\040\000a\000l\000g\000e\000b\000r\000a\000\040\000o\000v\000e\000r\000\040\000p\000r\000i\000m\000e\000s\000:\000\040\000i\000n\000t\000e\000g\000e\000r\000s\000\040\000a\000s\000\040\000w\000o\000r\000d\000s\000,\000\040\000p\000r\000i\000m\000e\000s\000\040\000a\000s\000\040\000l\000e\000t\000t\000e\000r\000s}{section*.19}% 23
\BOOKMARK [2][-]{section*.24}{\376\377\000T\000h\000e\000\040\000c\000e\000n\000t\000e\000r\000\040\000o\000f\000\040\000t\000h\000e\000\040\000H\000e\000i\000s\000e\000n\000b\000e\000r\000g\000\040\000a\000l\000g\000e\000b\000r\000a\000\040\000a\000n\000d\000\040\000H\000e\000c\000k\000e\000\040\000o\000p\000e\000r\000a\000t\000o\000r\000s}{section*.19}% 24
\BOOKMARK [2][-]{section*.25}{\376\377\000C\000o\000n\000n\000e\000c\000t\000i\000o\000n\000\040\000t\000o\000\040\000t\000h\000e\000\040\000L\000a\000n\000g\000l\000a\000n\000d\000s\000\040\000p\000r\000o\000g\000r\000a\000m}{section*.19}% 25
\BOOKMARK [1][-]{section*.26}{\376\377\000S\000t\000r\000u\000c\000t\000u\000r\000a\000l\000\040\000S\000i\000m\000i\000l\000a\000r\000i\000t\000i\000e\000s\000:\000\040\000O\000n\000e\000\040\000T\000h\000e\000o\000r\000e\000m\000\040\000i\000n\000\040\000F\000o\000u\000r\000\040\000L\000a\000n\000g\000u\000a\000g\000e\000s}{section*.2}% 26
\BOOKMARK [2][-]{section*.27}{\376\377\000T\000h\000e\000\040\000c\000o\000m\000m\000o\000n\000\040\000s\000p\000e\000c\000t\000r\000a\000l\000\040\000o\000p\000e\000r\000a\000t\000o\000r\000\040\000a\000n\000d\000\040\000i\000t\000s\000\040\000i\000n\000v\000o\000l\000u\000t\000i\000o\000n}{section*.26}% 27
\BOOKMARK [2][-]{section*.28}{\376\377\000T\000h\000e\000\040\000s\000y\000m\000m\000e\000t\000r\000y\000\040\000c\000o\000n\000d\000i\000t\000i\000o\000n\000\040\000i\000n\000\040\000e\000a\000c\000h\000\040\000l\000a\000n\000g\000u\000a\000g\000e}{section*.26}% 28
\BOOKMARK [2][-]{section*.29}{\376\377\000T\000h\000e\000\040\000W\000e\000y\000l\000\040\000d\000e\000r\000i\000v\000a\000t\000i\000v\000e\000\040\000m\000o\000d\000e\000s\000\040\000a\000r\000e\000\040\000V\000i\000r\000a\000s\000o\000r\000o\000\040\000g\000e\000n\000e\000r\000a\000t\000o\000r\000s}{section*.26}% 29
\BOOKMARK [2][-]{section*.30}{\376\377\000N\000o\000r\000m\000a\000l\000i\000z\000a\000t\000i\000o\000n\000\040\000a\000n\000d\000\040\000t\000h\000e\000\040\000p\000a\000r\000t\000i\000t\000i\000o\000n\000\040\000f\000u\000n\000c\000t\000i\000o\000n}{section*.26}% 30
\BOOKMARK [1][-]{section*.31}{\376\377\000G\000e\000n\000e\000r\000a\000l\000i\000z\000a\000t\000i\000o\000n\000s\000\040\000o\000f\000\040\000\040\000v\000i\000a\000\040\000S\000e\000e\000d\000\040\000a\000n\000d\000\040\000Q\000u\000a\000s\000i\000-\000P\000e\000r\000i\000o\000d\000i\000c\000i\000t\000y}{section*.2}% 31
\BOOKMARK [2][-]{section*.32}{\376\377\000V\000a\000r\000y\000i\000n\000g\000\040\000t\000h\000e\000\040\000s\000e\000e\000d\000\040\000k\000e\000r\000n\000e\000l}{section*.31}% 32
\BOOKMARK [2][-]{section*.33}{\376\377\000V\000a\000r\000y\000i\000n\000g\000\040\000t\000h\000e\000\040\000q\000u\000a\000s\000i\000-\000p\000e\000r\000i\000o\000d\000i\000c\000i\000t\000y\000\040\000f\000a\000c\000t\000o\000r}{section*.31}% 33
\BOOKMARK [1][-]{section*.34}{\376\377\000O\000p\000e\000n\000\040\000P\000r\000o\000b\000l\000e\000m\000s}{section*.2}% 34
\BOOKMARK [1][-]{section*.35}{\376\377\000S\000u\000m\000m\000a\000r\000y}{section*.2}% 35
